<?xml version="1.0" encoding="UTF-8"?>
<!-- Generated by org.testng.reporters.JUnitXMLReporter -->
<testsuite hostname="LAPTOP-TTRES0RJ" ignored="0" name="Default test" tests="4" failures="0" timestamp="2021-05-25T00:35:36 CDT" time="35.362" errors="0">
  <testcase name="searchdatadriverf" time="5.656" classname="com.qa.facebook.testcases.SearchDataDrivenf"/>
  <testcase name="searchdatadriverf" time="5.965" classname="com.qa.facebook.testcases.SearchDataDrivenf"/>
  <testcase name="searchdatadriverf" time="5.896" classname="com.qa.facebook.testcases.SearchDataDrivenf"/>
  <testcase name="searchdatadriverf" time="5.885" classname="com.qa.facebook.testcases.SearchDataDrivenf"/>
</testsuite> <!-- Default test -->
