<?xml version="1.0" encoding="UTF-8"?>
<!-- Generated by org.testng.reporters.JUnitXMLReporter -->
<testsuite hostname="LAPTOP-TTRES0RJ" ignored="0" name="Test" tests="4" failures="0" timestamp="2021-05-24T21:28:00 CDT" time="0.966" errors="0">
  <testcase name="@BeforeSuite setup" time="0.014" classname="com.qa.facebook.base.TestBase">
    <failure type="java.lang.NullPointerException">
      <![CDATA[java.lang.NullPointerException
at com.qa.facebook.base.TestBase.setup(TestBase.java:85)
... Removed 19 stack frames]]>
    </failure>
  </testcase> <!-- @BeforeSuite setup -->
  <testcase name="@BeforeClass beforeClass" time="-1.621909679661E9" classname="com.qa.facebook.testcases.SearchDataDrivenf">
    <skipped/>
  </testcase> <!-- @BeforeClass beforeClass -->
  <testcase name="@AfterClass afterClass" time="-1.621909680607E9" classname="com.qa.facebook.testcases.SearchDataDrivenf">
    <skipped/>
  </testcase> <!-- @AfterClass afterClass -->
  <testcase name="searchdatadriverf" time="0.0" classname="com.qa.facebook.testcases.SearchDataDrivenf">
    <skipped/>
  </testcase> <!-- searchdatadriverf -->
  <testcase name="searchdatadriverf" time="0.0" classname="com.qa.facebook.testcases.SearchDataDrivenf">
    <skipped/>
  </testcase> <!-- searchdatadriverf -->
  <testcase name="searchdatadriverf" time="0.0" classname="com.qa.facebook.testcases.SearchDataDrivenf">
    <skipped/>
  </testcase> <!-- searchdatadriverf -->
  <testcase name="searchdatadriverf" time="0.0" classname="com.qa.facebook.testcases.SearchDataDrivenf">
    <skipped/>
  </testcase> <!-- searchdatadriverf -->
</testsuite> <!-- Test -->
