<?xml version="1.0" encoding="UTF-8"?>
<!-- Generated by org.testng.reporters.JUnitXMLReporter -->
<testsuite hostname="LAPTOP-TTRES0RJ" ignored="0" name="Test" tests="4" failures="0" timestamp="2021-05-25T12:29:47 CDT" time="28.871" errors="0">
  <testcase name="searchdatadriverf" time="4.886" classname="com.qa.facebook.testcases.SearchDataDrivenf"/>
  <testcase name="searchdatadriverf" time="4.992" classname="com.qa.facebook.testcases.SearchDataDrivenf"/>
  <testcase name="searchdatadriverf" time="4.944" classname="com.qa.facebook.testcases.SearchDataDrivenf"/>
  <testcase name="searchdatadriverf" time="4.905" classname="com.qa.facebook.testcases.SearchDataDrivenf"/>
</testsuite> <!-- Test -->
